<?xml version="1.0" encoding="UTF-8"?>
<!-- Generated by org.testng.reporters.JUnitXMLReporter -->
<testsuite ignored="0" hostname="LAPTOP-7H29QR0O" failures="0" tests="3" name="Default test" time="54.68" errors="0" timestamp="2021-03-24T09:57:46 IST">
  <testcase classname="com.qait.test.basicTestPOR" name="testcheck" time="0.04"/>
  <testcase classname="com.qait.test.basicTestPOR" name="log_in_gmail" time="11.085"/>
  <testcase classname="com.qait.test.basicTestPOR" name="compose_an_email" time="25.898"/>
</testsuite> <!-- Default test -->
