<?xml version="1.0" encoding="UTF-8"?>
<!-- Generated by org.testng.reporters.JUnitXMLReporter -->
<testsuite ignored="0" hostname="LAPTOP-7H29QR0O" failures="0" tests="3" name="Test1" time="100.227" errors="0" timestamp="2021-03-24T10:24:23 IST">
  <testcase classname="com.qait.test.basicTestPOR" name="testcheck" time="0.081"/>
  <testcase classname="com.qait.test.basicTestPOR" name="log_in_gmail" time="16.368"/>
  <testcase classname="com.qait.test.basicTestPOR" name="compose_an_email" time="39.643"/>
</testsuite> <!-- Test1 -->
